This file contains any messages produced by compilers while
running configure, to aid debugging if configure makes a mistake.

It was created by tagfs configure 0.0.20061220, which was
generated by GNU Autoconf 2.59.  Invocation command line was

  $ ./configure --enable-debug-stderr

## --------- ##
## Platform. ##
## --------- ##

hostname = reti1
uname -m = i686
uname -r = 2.6.15-27-386
uname -s = Linux
uname -v = #1 PREEMPT Fri Dec 8 17:51:56 UTC 2006

/usr/bin/uname -p = unknown
/bin/uname -X     = unknown

/bin/arch              = i686
/usr/bin/arch -k       = unknown
/usr/convex/getsysinfo = unknown
hostinfo               = unknown
/bin/machine           = unknown
/usr/bin/oslevel       = unknown
/bin/universe          = unknown

PATH: /usr/local/sbin
PATH: /usr/local/bin
PATH: /usr/sbin
PATH: /usr/bin
PATH: /sbin
PATH: /bin
PATH: /usr/bin/X11
PATH: /usr/games


## ----------- ##
## Core tests. ##
## ----------- ##

configure:1361: checking for a BSD-compatible install
configure:1416: result: /usr/bin/install -c
configure:1427: checking whether build environment is sane
configure:1470: result: yes
configure:1503: checking for gawk
configure:1519: found /usr/bin/gawk
configure:1529: result: gawk
configure:1539: checking whether make sets $(MAKE)
configure:1559: result: yes
configure:1778: checking for gcc
configure:1794: found /usr/bin/gcc
configure:1804: result: gcc
configure:2048: checking for C compiler version
configure:2051: gcc --version </dev/null >&5
gcc (GCC) 4.0.3 (Ubuntu 4.0.3-1ubuntu5)
Copyright (C) 2006 Free Software Foundation, Inc.
This is free software; see the source for copying conditions.  There is NO
warranty; not even for MERCHANTABILITY or FITNESS FOR A PARTICULAR PURPOSE.

configure:2054: $? = 0
configure:2056: gcc -v </dev/null >&5
Using built-in specs.
Target: i486-linux-gnu
Configured with: ../src/configure -v --enable-languages=c,c++,java,f95,objc,ada,treelang --prefix=/usr --enable-shared --with-system-zlib --libexecdir=/usr/lib --without-included-gettext --enable-threads=posix --enable-nls --program-suffix=-4.0 --enable-__cxa_atexit --enable-clocale=gnu --enable-libstdcxx-debug --enable-java-awt=gtk-default --enable-gtk-cairo --with-java-home=/usr/lib/jvm/java-1.4.2-gcj-4.0-1.4.2.0/jre --enable-mpfr --disable-werror --with-tune=pentium4 --enable-checking=release i486-linux-gnu
Thread model: posix
gcc version 4.0.3 (Ubuntu 4.0.3-1ubuntu5)
configure:2059: $? = 0
configure:2061: gcc -V </dev/null >&5
gcc: '-V' option must have argument
configure:2064: $? = 1
configure:2087: checking for C compiler default output file name
configure:2090: gcc    conftest.c  >&5
configure:2093: $? = 0
configure:2139: result: a.out
configure:2144: checking whether the C compiler works
configure:2150: ./a.out
configure:2153: $? = 0
configure:2170: result: yes
configure:2177: checking whether we are cross compiling
configure:2179: result: no
configure:2182: checking for suffix of executables
configure:2184: gcc -o conftest    conftest.c  >&5
configure:2187: $? = 0
configure:2212: result: 
configure:2218: checking for suffix of object files
configure:2239: gcc -c   conftest.c >&5
configure:2242: $? = 0
configure:2264: result: o
configure:2268: checking whether we are using the GNU C compiler
configure:2292: gcc -c   conftest.c >&5
configure:2298: $? = 0
configure:2301: test -z 			 || test ! -s conftest.err
configure:2304: $? = 0
configure:2307: test -s conftest.o
configure:2310: $? = 0
configure:2323: result: yes
configure:2329: checking whether gcc accepts -g
configure:2350: gcc -c -g  conftest.c >&5
configure:2356: $? = 0
configure:2359: test -z 			 || test ! -s conftest.err
configure:2362: $? = 0
configure:2365: test -s conftest.o
configure:2368: $? = 0
configure:2379: result: yes
configure:2396: checking for gcc option to accept ANSI C
configure:2466: gcc  -c -g -O2  conftest.c >&5
configure:2472: $? = 0
configure:2475: test -z 			 || test ! -s conftest.err
configure:2478: $? = 0
configure:2481: test -s conftest.o
configure:2484: $? = 0
configure:2502: result: none needed
configure:2520: gcc -c -g -O2  conftest.c >&5
conftest.c:2: error: syntax error before 'me'
configure:2526: $? = 1
configure: failed program was:
| #ifndef __cplusplus
|   choke me
| #endif
configure:2667: checking for style of include used by make
configure:2695: result: GNU
configure:2723: checking dependency style of gcc
configure:2806: result: gcc3
configure:2836: checking for dirent.h that defines DIR
configure:2860: gcc -c -g -O2  conftest.c >&5
configure:2866: $? = 0
configure:2869: test -z 			 || test ! -s conftest.err
configure:2872: $? = 0
configure:2875: test -s conftest.o
configure:2878: $? = 0
configure:2889: result: yes
configure:2902: checking for library containing opendir
configure:2932: gcc -o conftest -g -O2   conftest.c  >&5
configure:2938: $? = 0
configure:2941: test -z 			 || test ! -s conftest.err
configure:2944: $? = 0
configure:2947: test -s conftest
configure:2950: $? = 0
configure:3019: result: none required
configure:3158: checking how to run the C preprocessor
configure:3193: gcc -E  conftest.c
configure:3199: $? = 0
configure:3231: gcc -E  conftest.c
conftest.c:12:28: error: ac_nonexistent.h: No such file or directory
configure:3237: $? = 1
configure: failed program was:
| /* confdefs.h.  */
| 
| #define PACKAGE_NAME "tagfs"
| #define PACKAGE_TARNAME "tagfs"
| #define PACKAGE_VERSION "0.0.20061220"
| #define PACKAGE_STRING "tagfs 0.0.20061220"
| #define PACKAGE_BUGREPORT "tx0@autistici.org"
| #define PACKAGE "tagfs"
| #define VERSION "0.0.20061220"
| #define HAVE_DIRENT_H 1
| /* end confdefs.h.  */
| #include <ac_nonexistent.h>
configure:3276: result: gcc -E
configure:3300: gcc -E  conftest.c
configure:3306: $? = 0
configure:3338: gcc -E  conftest.c
conftest.c:12:28: error: ac_nonexistent.h: No such file or directory
configure:3344: $? = 1
configure: failed program was:
| /* confdefs.h.  */
| 
| #define PACKAGE_NAME "tagfs"
| #define PACKAGE_TARNAME "tagfs"
| #define PACKAGE_VERSION "0.0.20061220"
| #define PACKAGE_STRING "tagfs 0.0.20061220"
| #define PACKAGE_BUGREPORT "tx0@autistici.org"
| #define PACKAGE "tagfs"
| #define VERSION "0.0.20061220"
| #define HAVE_DIRENT_H 1
| /* end confdefs.h.  */
| #include <ac_nonexistent.h>
configure:3388: checking for egrep
configure:3398: result: grep -E
configure:3403: checking for ANSI C header files
configure:3428: gcc -c -g -O2  conftest.c >&5
configure:3434: $? = 0
configure:3437: test -z 			 || test ! -s conftest.err
configure:3440: $? = 0
configure:3443: test -s conftest.o
configure:3446: $? = 0
configure:3535: gcc -o conftest -g -O2   conftest.c  >&5
conftest.c: In function 'main':
conftest.c:29: warning: incompatible implicit declaration of built-in function 'exit'
configure:3538: $? = 0
configure:3540: ./conftest
configure:3543: $? = 0
configure:3558: result: yes
configure:3582: checking for sys/types.h
configure:3598: gcc -c -g -O2  conftest.c >&5
configure:3604: $? = 0
configure:3607: test -z 			 || test ! -s conftest.err
configure:3610: $? = 0
configure:3613: test -s conftest.o
configure:3616: $? = 0
configure:3627: result: yes
configure:3582: checking for sys/stat.h
configure:3598: gcc -c -g -O2  conftest.c >&5
configure:3604: $? = 0
configure:3607: test -z 			 || test ! -s conftest.err
configure:3610: $? = 0
configure:3613: test -s conftest.o
configure:3616: $? = 0
configure:3627: result: yes
configure:3582: checking for stdlib.h
configure:3598: gcc -c -g -O2  conftest.c >&5
configure:3604: $? = 0
configure:3607: test -z 			 || test ! -s conftest.err
configure:3610: $? = 0
configure:3613: test -s conftest.o
configure:3616: $? = 0
configure:3627: result: yes
configure:3582: checking for string.h
configure:3598: gcc -c -g -O2  conftest.c >&5
configure:3604: $? = 0
configure:3607: test -z 			 || test ! -s conftest.err
configure:3610: $? = 0
configure:3613: test -s conftest.o
configure:3616: $? = 0
configure:3627: result: yes
configure:3582: checking for memory.h
configure:3598: gcc -c -g -O2  conftest.c >&5
configure:3604: $? = 0
configure:3607: test -z 			 || test ! -s conftest.err
configure:3610: $? = 0
configure:3613: test -s conftest.o
configure:3616: $? = 0
configure:3627: result: yes
configure:3582: checking for strings.h
configure:3598: gcc -c -g -O2  conftest.c >&5
configure:3604: $? = 0
configure:3607: test -z 			 || test ! -s conftest.err
configure:3610: $? = 0
configure:3613: test -s conftest.o
configure:3616: $? = 0
configure:3627: result: yes
configure:3582: checking for inttypes.h
configure:3598: gcc -c -g -O2  conftest.c >&5
configure:3604: $? = 0
configure:3607: test -z 			 || test ! -s conftest.err
configure:3610: $? = 0
configure:3613: test -s conftest.o
configure:3616: $? = 0
configure:3627: result: yes
configure:3582: checking for stdint.h
configure:3598: gcc -c -g -O2  conftest.c >&5
configure:3604: $? = 0
configure:3607: test -z 			 || test ! -s conftest.err
configure:3610: $? = 0
configure:3613: test -s conftest.o
configure:3616: $? = 0
configure:3627: result: yes
configure:3582: checking for unistd.h
configure:3598: gcc -c -g -O2  conftest.c >&5
configure:3604: $? = 0
configure:3607: test -z 			 || test ! -s conftest.err
configure:3610: $? = 0
configure:3613: test -s conftest.o
configure:3616: $? = 0
configure:3627: result: yes
configure:3664: checking arpa/inet.h usability
configure:3676: gcc -c -g -O2  conftest.c >&5
configure:3682: $? = 0
configure:3685: test -z 			 || test ! -s conftest.err
configure:3688: $? = 0
configure:3691: test -s conftest.o
configure:3694: $? = 0
configure:3704: result: yes
configure:3708: checking arpa/inet.h presence
configure:3718: gcc -E  conftest.c
configure:3724: $? = 0
configure:3744: result: yes
configure:3779: checking for arpa/inet.h
configure:3786: result: yes
configure:3664: checking fcntl.h usability
configure:3676: gcc -c -g -O2  conftest.c >&5
configure:3682: $? = 0
configure:3685: test -z 			 || test ! -s conftest.err
configure:3688: $? = 0
configure:3691: test -s conftest.o
configure:3694: $? = 0
configure:3704: result: yes
configure:3708: checking fcntl.h presence
configure:3718: gcc -E  conftest.c
configure:3724: $? = 0
configure:3744: result: yes
configure:3779: checking for fcntl.h
configure:3786: result: yes
configure:3664: checking netinet/in.h usability
configure:3676: gcc -c -g -O2  conftest.c >&5
configure:3682: $? = 0
configure:3685: test -z 			 || test ! -s conftest.err
configure:3688: $? = 0
configure:3691: test -s conftest.o
configure:3694: $? = 0
configure:3704: result: yes
configure:3708: checking netinet/in.h presence
configure:3718: gcc -E  conftest.c
configure:3724: $? = 0
configure:3744: result: yes
configure:3779: checking for netinet/in.h
configure:3786: result: yes
configure:3664: checking stddef.h usability
configure:3676: gcc -c -g -O2  conftest.c >&5
configure:3682: $? = 0
configure:3685: test -z 			 || test ! -s conftest.err
configure:3688: $? = 0
configure:3691: test -s conftest.o
configure:3694: $? = 0
configure:3704: result: yes
configure:3708: checking stddef.h presence
configure:3718: gcc -E  conftest.c
configure:3724: $? = 0
configure:3744: result: yes
configure:3779: checking for stddef.h
configure:3786: result: yes
configure:3655: checking for stdlib.h
configure:3660: result: yes
configure:3655: checking for string.h
configure:3660: result: yes
configure:3664: checking sys/socket.h usability
configure:3676: gcc -c -g -O2  conftest.c >&5
configure:3682: $? = 0
configure:3685: test -z 			 || test ! -s conftest.err
configure:3688: $? = 0
configure:3691: test -s conftest.o
configure:3694: $? = 0
configure:3704: result: yes
configure:3708: checking sys/socket.h presence
configure:3718: gcc -E  conftest.c
configure:3724: $? = 0
configure:3744: result: yes
configure:3779: checking for sys/socket.h
configure:3786: result: yes
configure:3664: checking sys/statfs.h usability
configure:3676: gcc -c -g -O2  conftest.c >&5
configure:3682: $? = 0
configure:3685: test -z 			 || test ! -s conftest.err
configure:3688: $? = 0
configure:3691: test -s conftest.o
configure:3694: $? = 0
configure:3704: result: yes
configure:3708: checking sys/statfs.h presence
configure:3718: gcc -E  conftest.c
configure:3724: $? = 0
configure:3744: result: yes
configure:3779: checking for sys/statfs.h
configure:3786: result: yes
configure:3664: checking sys/vfs.h usability
configure:3676: gcc -c -g -O2  conftest.c >&5
configure:3682: $? = 0
configure:3685: test -z 			 || test ! -s conftest.err
configure:3688: $? = 0
configure:3691: test -s conftest.o
configure:3694: $? = 0
configure:3704: result: yes
configure:3708: checking sys/vfs.h presence
configure:3718: gcc -E  conftest.c
configure:3724: $? = 0
configure:3744: result: yes
configure:3779: checking for sys/vfs.h
configure:3786: result: yes
configure:3664: checking syslog.h usability
configure:3676: gcc -c -g -O2  conftest.c >&5
configure:3682: $? = 0
configure:3685: test -z 			 || test ! -s conftest.err
configure:3688: $? = 0
configure:3691: test -s conftest.o
configure:3694: $? = 0
configure:3704: result: yes
configure:3708: checking syslog.h presence
configure:3718: gcc -E  conftest.c
configure:3724: $? = 0
configure:3744: result: yes
configure:3779: checking for syslog.h
configure:3786: result: yes
configure:3655: checking for unistd.h
configure:3660: result: yes
configure:3664: checking utime.h usability
configure:3676: gcc -c -g -O2  conftest.c >&5
configure:3682: $? = 0
configure:3685: test -z 			 || test ! -s conftest.err
configure:3688: $? = 0
configure:3691: test -s conftest.o
configure:3694: $? = 0
configure:3704: result: yes
configure:3708: checking utime.h presence
configure:3718: gcc -E  conftest.c
configure:3724: $? = 0
configure:3744: result: yes
configure:3779: checking for utime.h
configure:3786: result: yes
configure:3801: checking for an ANSI C-conforming const
configure:3868: gcc -c -g -O2  conftest.c >&5
configure:3874: $? = 0
configure:3877: test -z 			 || test ! -s conftest.err
configure:3880: $? = 0
configure:3883: test -s conftest.o
configure:3886: $? = 0
configure:3897: result: yes
configure:3907: checking for uid_t in sys/types.h
configure:3930: result: yes
configure:3945: checking for mode_t
configure:3969: gcc -c -g -O2  conftest.c >&5
configure:3975: $? = 0
configure:3978: test -z 			 || test ! -s conftest.err
configure:3981: $? = 0
configure:3984: test -s conftest.o
configure:3987: $? = 0
configure:3998: result: yes
configure:4010: checking for off_t
configure:4034: gcc -c -g -O2  conftest.c >&5
configure:4040: $? = 0
configure:4043: test -z 			 || test ! -s conftest.err
configure:4046: $? = 0
configure:4049: test -s conftest.o
configure:4052: $? = 0
configure:4063: result: yes
configure:4075: checking for size_t
configure:4099: gcc -c -g -O2  conftest.c >&5
configure:4105: $? = 0
configure:4108: test -z 			 || test ! -s conftest.err
configure:4111: $? = 0
configure:4114: test -s conftest.o
configure:4117: $? = 0
configure:4128: result: yes
configure:4140: checking for struct stat.st_blksize
configure:4163: gcc -c -g -O2  conftest.c >&5
configure:4169: $? = 0
configure:4172: test -z 			 || test ! -s conftest.err
configure:4175: $? = 0
configure:4178: test -s conftest.o
configure:4181: $? = 0
configure:4237: result: yes
configure:4248: checking for struct stat.st_blocks
configure:4271: gcc -c -g -O2  conftest.c >&5
configure:4277: $? = 0
configure:4280: test -z 			 || test ! -s conftest.err
configure:4283: $? = 0
configure:4286: test -s conftest.o
configure:4289: $? = 0
configure:4345: result: yes
configure:4370: checking for struct stat.st_rdev
configure:4393: gcc -c -g -O2  conftest.c >&5
configure:4399: $? = 0
configure:4402: test -z 			 || test ! -s conftest.err
configure:4405: $? = 0
configure:4408: test -s conftest.o
configure:4411: $? = 0
configure:4467: result: yes
configure:4480: checking whether closedir returns void
configure:4509: gcc -o conftest -g -O2   conftest.c  >&5
configure:4512: $? = 0
configure:4514: ./conftest
configure:4517: $? = 0
configure:4531: result: no
configure:4541: checking whether lstat dereferences a symlink specified with a trailing slash
configure:4572: gcc -o conftest -g -O2   conftest.c  >&5
configure:4575: $? = 0
configure:4577: ./conftest
configure:4580: $? = 0
configure:4601: result: yes
configure:4622: checking whether lstat accepts an empty string
configure:4647: gcc -o conftest -g -O2   conftest.c  >&5
configure:4650: $? = 0
configure:4652: ./conftest
configure:4655: $? = 1
configure: program exited with status 1
configure: failed program was:
| /* confdefs.h.  */
| 
| #define PACKAGE_NAME "tagfs"
| #define PACKAGE_TARNAME "tagfs"
| #define PACKAGE_VERSION "0.0.20061220"
| #define PACKAGE_STRING "tagfs 0.0.20061220"
| #define PACKAGE_BUGREPORT "tx0@autistici.org"
| #define PACKAGE "tagfs"
| #define VERSION "0.0.20061220"
| #define HAVE_DIRENT_H 1
| #define STDC_HEADERS 1
| #define HAVE_SYS_TYPES_H 1
| #define HAVE_SYS_STAT_H 1
| #define HAVE_STDLIB_H 1
| #define HAVE_STRING_H 1
| #define HAVE_MEMORY_H 1
| #define HAVE_STRINGS_H 1
| #define HAVE_INTTYPES_H 1
| #define HAVE_STDINT_H 1
| #define HAVE_UNISTD_H 1
| #define HAVE_ARPA_INET_H 1
| #define HAVE_FCNTL_H 1
| #define HAVE_NETINET_IN_H 1
| #define HAVE_STDDEF_H 1
| #define HAVE_STDLIB_H 1
| #define HAVE_STRING_H 1
| #define HAVE_SYS_SOCKET_H 1
| #define HAVE_SYS_STATFS_H 1
| #define HAVE_SYS_VFS_H 1
| #define HAVE_SYSLOG_H 1
| #define HAVE_UNISTD_H 1
| #define HAVE_UTIME_H 1
| #define HAVE_STRUCT_STAT_ST_BLKSIZE 1
| #define HAVE_STRUCT_STAT_ST_BLOCKS 1
| #define HAVE_ST_BLOCKS 1
| #define HAVE_STRUCT_STAT_ST_RDEV 1
| #define LSTAT_FOLLOWS_SLASHED_SYMLINK 1
| /* end confdefs.h.  */
| #include <stdio.h>
| #if HAVE_SYS_TYPES_H
| # include <sys/types.h>
| #endif
| #if HAVE_SYS_STAT_H
| # include <sys/stat.h>
| #endif
| #if STDC_HEADERS
| # include <stdlib.h>
| # include <stddef.h>
| #else
| # if HAVE_STDLIB_H
| #  include <stdlib.h>
| # endif
| #endif
| #if HAVE_STRING_H
| # if !STDC_HEADERS && HAVE_MEMORY_H
| #  include <memory.h>
| # endif
| # include <string.h>
| #endif
| #if HAVE_STRINGS_H
| # include <strings.h>
| #endif
| #if HAVE_INTTYPES_H
| # include <inttypes.h>
| #else
| # if HAVE_STDINT_H
| #  include <stdint.h>
| # endif
| #endif
| #if HAVE_UNISTD_H
| # include <unistd.h>
| #endif
| int
| main ()
| {
| struct stat sbuf;
|   exit (lstat ("", &sbuf) ? 1 : 0);
|   ;
|   return 0;
| }
configure:4669: result: no
configure:4687: checking whether lstat dereferences a symlink specified with a trailing slash
configure:4747: result: yes
configure:4773: checking for stdlib.h
configure:4778: result: yes
configure:4917: checking for GNU libc compatible malloc
configure:4946: gcc -o conftest -g -O2   conftest.c  >&5
configure:4949: $? = 0
configure:4951: ./conftest
configure:4954: $? = 0
configure:4968: result: yes
configure:4998: checking return type of signal handlers
configure:5029: gcc -c -g -O2  conftest.c >&5
configure:5035: $? = 0
configure:5038: test -z 			 || test ! -s conftest.err
configure:5041: $? = 0
configure:5044: test -s conftest.o
configure:5047: $? = 0
configure:5058: result: void
configure:5066: checking whether stat accepts an empty string
configure:5091: gcc -o conftest -g -O2   conftest.c  >&5
configure:5094: $? = 0
configure:5096: ./conftest
configure:5099: $? = 1
configure: program exited with status 1
configure: failed program was:
| /* confdefs.h.  */
| 
| #define PACKAGE_NAME "tagfs"
| #define PACKAGE_TARNAME "tagfs"
| #define PACKAGE_VERSION "0.0.20061220"
| #define PACKAGE_STRING "tagfs 0.0.20061220"
| #define PACKAGE_BUGREPORT "tx0@autistici.org"
| #define PACKAGE "tagfs"
| #define VERSION "0.0.20061220"
| #define HAVE_DIRENT_H 1
| #define STDC_HEADERS 1
| #define HAVE_SYS_TYPES_H 1
| #define HAVE_SYS_STAT_H 1
| #define HAVE_STDLIB_H 1
| #define HAVE_STRING_H 1
| #define HAVE_MEMORY_H 1
| #define HAVE_STRINGS_H 1
| #define HAVE_INTTYPES_H 1
| #define HAVE_STDINT_H 1
| #define HAVE_UNISTD_H 1
| #define HAVE_ARPA_INET_H 1
| #define HAVE_FCNTL_H 1
| #define HAVE_NETINET_IN_H 1
| #define HAVE_STDDEF_H 1
| #define HAVE_STDLIB_H 1
| #define HAVE_STRING_H 1
| #define HAVE_SYS_SOCKET_H 1
| #define HAVE_SYS_STATFS_H 1
| #define HAVE_SYS_VFS_H 1
| #define HAVE_SYSLOG_H 1
| #define HAVE_UNISTD_H 1
| #define HAVE_UTIME_H 1
| #define HAVE_STRUCT_STAT_ST_BLKSIZE 1
| #define HAVE_STRUCT_STAT_ST_BLOCKS 1
| #define HAVE_ST_BLOCKS 1
| #define HAVE_STRUCT_STAT_ST_RDEV 1
| #define LSTAT_FOLLOWS_SLASHED_SYMLINK 1
| #define LSTAT_FOLLOWS_SLASHED_SYMLINK 1
| #define HAVE_STDLIB_H 1
| #define HAVE_MALLOC 1
| #define RETSIGTYPE void
| /* end confdefs.h.  */
| #include <stdio.h>
| #if HAVE_SYS_TYPES_H
| # include <sys/types.h>
| #endif
| #if HAVE_SYS_STAT_H
| # include <sys/stat.h>
| #endif
| #if STDC_HEADERS
| # include <stdlib.h>
| # include <stddef.h>
| #else
| # if HAVE_STDLIB_H
| #  include <stdlib.h>
| # endif
| #endif
| #if HAVE_STRING_H
| # if !STDC_HEADERS && HAVE_MEMORY_H
| #  include <memory.h>
| # endif
| # include <string.h>
| #endif
| #if HAVE_STRINGS_H
| # include <strings.h>
| #endif
| #if HAVE_INTTYPES_H
| # include <inttypes.h>
| #else
| # if HAVE_STDINT_H
| #  include <stdint.h>
| # endif
| #endif
| #if HAVE_UNISTD_H
| # include <unistd.h>
| #endif
| int
| main ()
| {
| struct stat sbuf;
|   exit (stat ("", &sbuf) ? 1 : 0);
|   ;
|   return 0;
| }
configure:5113: result: no
configure:5131: checking whether utime accepts a null argument
configure:5162: gcc -o conftest -g -O2   conftest.c  >&5
configure:5165: $? = 0
configure:5167: ./conftest
configure:5170: $? = 0
configure:5185: result: yes
configure:5210: checking for inet_ntoa
configure:5267: gcc -o conftest -g -O2   conftest.c  >&5
configure:5273: $? = 0
configure:5276: test -z 			 || test ! -s conftest.err
configure:5279: $? = 0
configure:5282: test -s conftest
configure:5285: $? = 0
configure:5297: result: yes
configure:5210: checking for lchown
configure:5267: gcc -o conftest -g -O2   conftest.c  >&5
configure:5273: $? = 0
configure:5276: test -z 			 || test ! -s conftest.err
configure:5279: $? = 0
configure:5282: test -s conftest
configure:5285: $? = 0
configure:5297: result: yes
configure:5210: checking for mempcpy
configure:5267: gcc -o conftest -g -O2   conftest.c  >&5
conftest.c:70: warning: conflicting types for built-in function 'mempcpy'
configure:5273: $? = 0
configure:5276: test -z 			 || test ! -s conftest.err
configure:5279: $? = 0
configure:5282: test -s conftest
configure:5285: $? = 0
configure:5297: result: yes
configure:5210: checking for memset
configure:5267: gcc -o conftest -g -O2   conftest.c  >&5
conftest.c:71: warning: conflicting types for built-in function 'memset'
configure:5273: $? = 0
configure:5276: test -z 			 || test ! -s conftest.err
configure:5279: $? = 0
configure:5282: test -s conftest
configure:5285: $? = 0
configure:5297: result: yes
configure:5210: checking for mkdir
configure:5267: gcc -o conftest -g -O2   conftest.c  >&5
configure:5273: $? = 0
configure:5276: test -z 			 || test ! -s conftest.err
configure:5279: $? = 0
configure:5282: test -s conftest
configure:5285: $? = 0
configure:5297: result: yes
configure:5210: checking for rmdir
configure:5267: gcc -o conftest -g -O2   conftest.c  >&5
configure:5273: $? = 0
configure:5276: test -z 			 || test ! -s conftest.err
configure:5279: $? = 0
configure:5282: test -s conftest
configure:5285: $? = 0
configure:5297: result: yes
configure:5210: checking for setenv
configure:5267: gcc -o conftest -g -O2   conftest.c  >&5
configure:5273: $? = 0
configure:5276: test -z 			 || test ! -s conftest.err
configure:5279: $? = 0
configure:5282: test -s conftest
configure:5285: $? = 0
configure:5297: result: yes
configure:5210: checking for socket
configure:5267: gcc -o conftest -g -O2   conftest.c  >&5
configure:5273: $? = 0
configure:5276: test -z 			 || test ! -s conftest.err
configure:5279: $? = 0
configure:5282: test -s conftest
configure:5285: $? = 0
configure:5297: result: yes
configure:5210: checking for strdup
configure:5267: gcc -o conftest -g -O2   conftest.c  >&5
conftest.c:76: warning: conflicting types for built-in function 'strdup'
configure:5273: $? = 0
configure:5276: test -z 			 || test ! -s conftest.err
configure:5279: $? = 0
configure:5282: test -s conftest
configure:5285: $? = 0
configure:5297: result: yes
configure:5210: checking for strerror
configure:5267: gcc -o conftest -g -O2   conftest.c  >&5
configure:5273: $? = 0
configure:5276: test -z 			 || test ! -s conftest.err
configure:5279: $? = 0
configure:5282: test -s conftest
configure:5285: $? = 0
configure:5297: result: yes
configure:5210: checking for utime
configure:5267: gcc -o conftest -g -O2   conftest.c  >&5
configure:5273: $? = 0
configure:5276: test -z 			 || test ! -s conftest.err
configure:5279: $? = 0
configure:5282: test -s conftest
configure:5285: $? = 0
configure:5297: result: yes
configure:5368: checking for fuse_main in -lfuse
configure:5398: gcc -o conftest -D_DEBUG_STDERR -g -O2 -D_FILE_OFFSET_BITS=64 -Wall -W   conftest.c -lfuse   >&5
configure:5404: $? = 0
configure:5407: test -z 			 || test ! -s conftest.err
configure:5410: $? = 0
configure:5413: test -s conftest
configure:5416: $? = 0
configure:5429: result: yes
configure:5452: checking for sqlite3_open in -lsqlite3
configure:5482: gcc -o conftest -D_DEBUG_STDERR -g -O2 -D_FILE_OFFSET_BITS=64 -Wall -W   conftest.c -lsqlite3  -lfuse  >&5
configure:5488: $? = 0
configure:5491: test -z 			 || test ! -s conftest.err
configure:5494: $? = 0
configure:5497: test -s conftest
configure:5500: $? = 0
configure:5513: result: yes
configure:5645: creating ./config.status

## ---------------------- ##
## Running config.status. ##
## ---------------------- ##

This file was extended by tagfs config.status 0.0.20061220, which was
generated by GNU Autoconf 2.59.  Invocation command line was

  CONFIG_FILES    = 
  CONFIG_HEADERS  = 
  CONFIG_LINKS    = 
  CONFIG_COMMANDS = 
  $ ./config.status 

on reti1

config.status:726: creating Makefile
config.status:726: creating src/Makefile
config.status:792: creating config.h
config.status:986: config.h is unchanged
config.status:1166: executing depfiles commands

## ---------------- ##
## Cache variables. ##
## ---------------- ##

ac_cv_c_compiler_gnu=yes
ac_cv_c_const=yes
ac_cv_env_CC_set=
ac_cv_env_CC_value=
ac_cv_env_CFLAGS_set=
ac_cv_env_CFLAGS_value=
ac_cv_env_CPPFLAGS_set=
ac_cv_env_CPPFLAGS_value=
ac_cv_env_CPP_set=
ac_cv_env_CPP_value=
ac_cv_env_LDFLAGS_set=
ac_cv_env_LDFLAGS_value=
ac_cv_env_build_alias_set=
ac_cv_env_build_alias_value=
ac_cv_env_host_alias_set=
ac_cv_env_host_alias_value=
ac_cv_env_target_alias_set=
ac_cv_env_target_alias_value=
ac_cv_exeext=
ac_cv_func_closedir_void=no
ac_cv_func_inet_ntoa=yes
ac_cv_func_lchown=yes
ac_cv_func_lstat_dereferences_slashed_symlink=yes
ac_cv_func_lstat_empty_string_bug=no
ac_cv_func_malloc_0_nonnull=yes
ac_cv_func_mempcpy=yes
ac_cv_func_memset=yes
ac_cv_func_mkdir=yes
ac_cv_func_rmdir=yes
ac_cv_func_setenv=yes
ac_cv_func_socket=yes
ac_cv_func_stat_empty_string_bug=no
ac_cv_func_strdup=yes
ac_cv_func_strerror=yes
ac_cv_func_utime=yes
ac_cv_func_utime_null=yes
ac_cv_header_arpa_inet_h=yes
ac_cv_header_dirent_dirent_h=yes
ac_cv_header_fcntl_h=yes
ac_cv_header_inttypes_h=yes
ac_cv_header_memory_h=yes
ac_cv_header_netinet_in_h=yes
ac_cv_header_stdc=yes
ac_cv_header_stddef_h=yes
ac_cv_header_stdint_h=yes
ac_cv_header_stdlib_h=yes
ac_cv_header_string_h=yes
ac_cv_header_strings_h=yes
ac_cv_header_sys_socket_h=yes
ac_cv_header_sys_stat_h=yes
ac_cv_header_sys_statfs_h=yes
ac_cv_header_sys_types_h=yes
ac_cv_header_sys_vfs_h=yes
ac_cv_header_syslog_h=yes
ac_cv_header_unistd_h=yes
ac_cv_header_utime_h=yes
ac_cv_lib_fuse_fuse_main=yes
ac_cv_lib_sqlite3_sqlite3_open=yes
ac_cv_member_struct_stat_st_blksize=yes
ac_cv_member_struct_stat_st_blocks=yes
ac_cv_member_struct_stat_st_rdev=yes
ac_cv_objext=o
ac_cv_path_install='/usr/bin/install -c'
ac_cv_prog_AWK=gawk
ac_cv_prog_CPP='gcc -E'
ac_cv_prog_ac_ct_CC=gcc
ac_cv_prog_cc_g=yes
ac_cv_prog_cc_stdc=
ac_cv_prog_egrep='grep -E'
ac_cv_prog_make_make_set=yes
ac_cv_search_opendir='none required'
ac_cv_type_mode_t=yes
ac_cv_type_off_t=yes
ac_cv_type_signal=void
ac_cv_type_size_t=yes
ac_cv_type_uid_t=yes
am_cv_CC_dependencies_compiler_type=gcc3

## ----------------- ##
## Output variables. ##
## ----------------- ##

ACLOCAL='${SHELL} /home/andrea/tagfs/missing --run aclocal-1.7'
AMDEPBACKSLASH='\'
AMDEP_FALSE='#'
AMDEP_TRUE=''
AMTAR='${SHELL} /home/andrea/tagfs/missing --run tar'
AUTOCONF='${SHELL} /home/andrea/tagfs/missing --run autoconf'
AUTOHEADER='${SHELL} /home/andrea/tagfs/missing --run autoheader'
AUTOMAKE='${SHELL} /home/andrea/tagfs/missing --run automake-1.7'
AWK='gawk'
CC='gcc'
CCDEPMODE='depmode=gcc3'
CFLAGS='-D_DEBUG_STDERR -g -O2 -D_FILE_OFFSET_BITS=64 -Wall -W'
CPP='gcc -E'
CPPFLAGS=''
CYGPATH_W='echo'
DEFS='-DHAVE_CONFIG_H'
DEPDIR='.deps'
ECHO_C=''
ECHO_N='-n'
ECHO_T=''
EGREP='grep -E'
EXEEXT=''
INSTALL_DATA='${INSTALL} -m 644'
INSTALL_PROGRAM='${INSTALL}'
INSTALL_SCRIPT='${INSTALL}'
INSTALL_STRIP_PROGRAM='${SHELL} $(install_sh) -c -s'
LDFLAGS=''
LIBOBJS=''
LIBS='-lsqlite3 -lfuse '
LTLIBOBJS=''
MAKEINFO='${SHELL} /home/andrea/tagfs/missing --run makeinfo'
OBJEXT='o'
PACKAGE='tagfs'
PACKAGE_BUGREPORT='tx0@autistici.org'
PACKAGE_NAME='tagfs'
PACKAGE_STRING='tagfs 0.0.20061220'
PACKAGE_TARNAME='tagfs'
PACKAGE_VERSION='0.0.20061220'
PATH_SEPARATOR=':'
SET_MAKE=''
SHELL='/bin/sh'
STRIP=''
VERSION='0.0.20061220'
ac_ct_CC='gcc'
ac_ct_STRIP=''
am__fastdepCC_FALSE='#'
am__fastdepCC_TRUE=''
am__include='include'
am__leading_dot='.'
am__quote=''
bindir='${exec_prefix}/bin'
build_alias=''
datadir='${prefix}/share'
exec_prefix='${prefix}'
host_alias=''
includedir='${prefix}/include'
infodir='${prefix}/info'
install_sh='/home/andrea/tagfs/install-sh'
libdir='${exec_prefix}/lib'
libexecdir='${exec_prefix}/libexec'
localstatedir='${prefix}/var'
mandir='${prefix}/man'
oldincludedir='/usr/include'
prefix='/usr/local'
program_transform_name='s,x,x,'
sbindir='${exec_prefix}/sbin'
sharedstatedir='${prefix}/com'
sysconfdir='${prefix}/etc'
target_alias=''

## ----------- ##
## confdefs.h. ##
## ----------- ##

#define HAVE_ARPA_INET_H 1
#define HAVE_DIRENT_H 1
#define HAVE_FCNTL_H 1
#define HAVE_INET_NTOA 1
#define HAVE_INTTYPES_H 1
#define HAVE_LCHOWN 1
#define HAVE_LIBFUSE 1
#define HAVE_LIBSQLITE3 1
#define HAVE_MALLOC 1
#define HAVE_MEMORY_H 1
#define HAVE_MEMPCPY 1
#define HAVE_MEMSET 1
#define HAVE_MKDIR 1
#define HAVE_NETINET_IN_H 1
#define HAVE_RMDIR 1
#define HAVE_SETENV 1
#define HAVE_SOCKET 1
#define HAVE_STDDEF_H 1
#define HAVE_STDINT_H 1
#define HAVE_STDLIB_H 1
#define HAVE_STDLIB_H 1
#define HAVE_STDLIB_H 1
#define HAVE_STRDUP 1
#define HAVE_STRERROR 1
#define HAVE_STRINGS_H 1
#define HAVE_STRING_H 1
#define HAVE_STRING_H 1
#define HAVE_STRUCT_STAT_ST_BLKSIZE 1
#define HAVE_STRUCT_STAT_ST_BLOCKS 1
#define HAVE_STRUCT_STAT_ST_RDEV 1
#define HAVE_ST_BLOCKS 1
#define HAVE_SYSLOG_H 1
#define HAVE_SYS_SOCKET_H 1
#define HAVE_SYS_STATFS_H 1
#define HAVE_SYS_STAT_H 1
#define HAVE_SYS_TYPES_H 1
#define HAVE_SYS_VFS_H 1
#define HAVE_UNISTD_H 1
#define HAVE_UNISTD_H 1
#define HAVE_UTIME 1
#define HAVE_UTIME_H 1
#define HAVE_UTIME_NULL 1
#define LSTAT_FOLLOWS_SLASHED_SYMLINK 1
#define LSTAT_FOLLOWS_SLASHED_SYMLINK 1
#define PACKAGE "tagfs"
#define PACKAGE_BUGREPORT "tx0@autistici.org"
#define PACKAGE_NAME "tagfs"
#define PACKAGE_STRING "tagfs 0.0.20061220"
#define PACKAGE_TARNAME "tagfs"
#define PACKAGE_VERSION "0.0.20061220"
#define RETSIGTYPE void
#define STDC_HEADERS 1
#define VERSION "0.0.20061220"

configure: exit 0
