This file contains any messages produced by compilers while
running configure, to aid debugging if configure makes a mistake.

It was created by tagsistant configure 0.0.20061220, which was
generated by GNU Autoconf 2.59.  Invocation command line was

  $ ./configure --enable-debug-stderr

## --------- ##
## Platform. ##
## --------- ##

hostname = reti1
uname -m = i686
uname -r = 2.6.15-27-386
uname -s = Linux
uname -v = #1 PREEMPT Fri Dec 8 17:51:56 UTC 2006

/usr/bin/uname -p = unknown
/bin/uname -X     = unknown

/bin/arch              = i686
/usr/bin/arch -k       = unknown
/usr/convex/getsysinfo = unknown
hostinfo               = unknown
/bin/machine           = unknown
/usr/bin/oslevel       = unknown
/bin/universe          = unknown

PATH: /usr/local/sbin
PATH: /usr/local/bin
PATH: /usr/sbin
PATH: /usr/bin
PATH: /sbin
PATH: /bin
PATH: /usr/bin/X11
PATH: /usr/games


## ----------- ##
## Core tests. ##
## ----------- ##

configure:1361: checking for a BSD-compatible install
configure:1416: result: /usr/bin/install -c
configure:1427: checking whether build environment is sane
configure:1470: result: yes
configure:1535: checking for gawk
configure:1551: found /usr/bin/gawk
configure:1561: result: gawk
configure:1571: checking whether make sets $(MAKE)
configure:1591: result: yes
configure:1814: checking for gcc
configure:1830: found /usr/bin/gcc
configure:1840: result: gcc
configure:2084: checking for C compiler version
configure:2087: gcc --version </dev/null >&5
gcc (GCC) 4.0.3 (Ubuntu 4.0.3-1ubuntu5)
Copyright (C) 2006 Free Software Foundation, Inc.
This is free software; see the source for copying conditions.  There is NO
warranty; not even for MERCHANTABILITY or FITNESS FOR A PARTICULAR PURPOSE.

configure:2090: $? = 0
configure:2092: gcc -v </dev/null >&5
Using built-in specs.
Target: i486-linux-gnu
Configured with: ../src/configure -v --enable-languages=c,c++,java,f95,objc,ada,treelang --prefix=/usr --enable-shared --with-system-zlib --libexecdir=/usr/lib --without-included-gettext --enable-threads=posix --enable-nls --program-suffix=-4.0 --enable-__cxa_atexit --enable-clocale=gnu --enable-libstdcxx-debug --enable-java-awt=gtk-default --enable-gtk-cairo --with-java-home=/usr/lib/jvm/java-1.4.2-gcj-4.0-1.4.2.0/jre --enable-mpfr --disable-werror --with-tune=pentium4 --enable-checking=release i486-linux-gnu
Thread model: posix
gcc version 4.0.3 (Ubuntu 4.0.3-1ubuntu5)
configure:2095: $? = 0
configure:2097: gcc -V </dev/null >&5
gcc: '-V' option must have argument
configure:2100: $? = 1
configure:2123: checking for C compiler default output file name
configure:2126: gcc    conftest.c  >&5
configure:2129: $? = 0
configure:2175: result: a.out
configure:2180: checking whether the C compiler works
configure:2186: ./a.out
configure:2189: $? = 0
configure:2206: result: yes
configure:2213: checking whether we are cross compiling
configure:2215: result: no
configure:2218: checking for suffix of executables
configure:2220: gcc -o conftest    conftest.c  >&5
configure:2223: $? = 0
configure:2248: result: 
configure:2254: checking for suffix of object files
configure:2275: gcc -c   conftest.c >&5
configure:2278: $? = 0
configure:2300: result: o
configure:2304: checking whether we are using the GNU C compiler
configure:2328: gcc -c   conftest.c >&5
configure:2334: $? = 0
configure:2337: test -z 			 || test ! -s conftest.err
configure:2340: $? = 0
configure:2343: test -s conftest.o
configure:2346: $? = 0
configure:2359: result: yes
configure:2365: checking whether gcc accepts -g
configure:2386: gcc -c -g  conftest.c >&5
configure:2392: $? = 0
configure:2395: test -z 			 || test ! -s conftest.err
configure:2398: $? = 0
configure:2401: test -s conftest.o
configure:2404: $? = 0
configure:2415: result: yes
configure:2432: checking for gcc option to accept ANSI C
configure:2502: gcc  -c -g -O2  conftest.c >&5
configure:2508: $? = 0
configure:2511: test -z 			 || test ! -s conftest.err
configure:2514: $? = 0
configure:2517: test -s conftest.o
configure:2520: $? = 0
configure:2538: result: none needed
configure:2556: gcc -c -g -O2  conftest.c >&5
conftest.c:2: error: syntax error before 'me'
configure:2562: $? = 1
configure: failed program was:
| #ifndef __cplusplus
|   choke me
| #endif
configure:2703: checking for style of include used by make
configure:2731: result: GNU
configure:2759: checking dependency style of gcc
configure:2849: result: gcc3
configure:2879: checking for dirent.h that defines DIR
configure:2903: gcc -c -g -O2  conftest.c >&5
configure:2909: $? = 0
configure:2912: test -z 			 || test ! -s conftest.err
configure:2915: $? = 0
configure:2918: test -s conftest.o
configure:2921: $? = 0
configure:2932: result: yes
configure:2945: checking for library containing opendir
configure:2975: gcc -o conftest -g -O2   conftest.c  >&5
configure:2981: $? = 0
configure:2984: test -z 			 || test ! -s conftest.err
configure:2987: $? = 0
configure:2990: test -s conftest
configure:2993: $? = 0
configure:3062: result: none required
configure:3201: checking how to run the C preprocessor
configure:3236: gcc -E  conftest.c
configure:3242: $? = 0
configure:3274: gcc -E  conftest.c
conftest.c:12:28: error: ac_nonexistent.h: No such file or directory
configure:3280: $? = 1
configure: failed program was:
| /* confdefs.h.  */
| 
| #define PACKAGE_NAME "tagsistant"
| #define PACKAGE_TARNAME "tagsistant"
| #define PACKAGE_VERSION "0.0.20061220"
| #define PACKAGE_STRING "tagsistant 0.0.20061220"
| #define PACKAGE_BUGREPORT "tx0@strumentiresistenti.org"
| #define PACKAGE "tagsistant"
| #define VERSION "0.0.20061220"
| #define HAVE_DIRENT_H 1
| /* end confdefs.h.  */
| #include <ac_nonexistent.h>
configure:3319: result: gcc -E
configure:3343: gcc -E  conftest.c
configure:3349: $? = 0
configure:3381: gcc -E  conftest.c
conftest.c:12:28: error: ac_nonexistent.h: No such file or directory
configure:3387: $? = 1
configure: failed program was:
| /* confdefs.h.  */
| 
| #define PACKAGE_NAME "tagsistant"
| #define PACKAGE_TARNAME "tagsistant"
| #define PACKAGE_VERSION "0.0.20061220"
| #define PACKAGE_STRING "tagsistant 0.0.20061220"
| #define PACKAGE_BUGREPORT "tx0@strumentiresistenti.org"
| #define PACKAGE "tagsistant"
| #define VERSION "0.0.20061220"
| #define HAVE_DIRENT_H 1
| /* end confdefs.h.  */
| #include <ac_nonexistent.h>
configure:3431: checking for egrep
configure:3441: result: grep -E
configure:3446: checking for ANSI C header files
configure:3471: gcc -c -g -O2  conftest.c >&5
configure:3477: $? = 0
configure:3480: test -z 			 || test ! -s conftest.err
configure:3483: $? = 0
configure:3486: test -s conftest.o
configure:3489: $? = 0
configure:3578: gcc -o conftest -g -O2   conftest.c  >&5
conftest.c: In function 'main':
conftest.c:29: warning: incompatible implicit declaration of built-in function 'exit'
configure:3581: $? = 0
configure:3583: ./conftest
configure:3586: $? = 0
configure:3601: result: yes
configure:3625: checking for sys/types.h
configure:3641: gcc -c -g -O2  conftest.c >&5
configure:3647: $? = 0
configure:3650: test -z 			 || test ! -s conftest.err
configure:3653: $? = 0
configure:3656: test -s conftest.o
configure:3659: $? = 0
configure:3670: result: yes
configure:3625: checking for sys/stat.h
configure:3641: gcc -c -g -O2  conftest.c >&5
configure:3647: $? = 0
configure:3650: test -z 			 || test ! -s conftest.err
configure:3653: $? = 0
configure:3656: test -s conftest.o
configure:3659: $? = 0
configure:3670: result: yes
configure:3625: checking for stdlib.h
configure:3641: gcc -c -g -O2  conftest.c >&5
configure:3647: $? = 0
configure:3650: test -z 			 || test ! -s conftest.err
configure:3653: $? = 0
configure:3656: test -s conftest.o
configure:3659: $? = 0
configure:3670: result: yes
configure:3625: checking for string.h
configure:3641: gcc -c -g -O2  conftest.c >&5
configure:3647: $? = 0
configure:3650: test -z 			 || test ! -s conftest.err
configure:3653: $? = 0
configure:3656: test -s conftest.o
configure:3659: $? = 0
configure:3670: result: yes
configure:3625: checking for memory.h
configure:3641: gcc -c -g -O2  conftest.c >&5
configure:3647: $? = 0
configure:3650: test -z 			 || test ! -s conftest.err
configure:3653: $? = 0
configure:3656: test -s conftest.o
configure:3659: $? = 0
configure:3670: result: yes
configure:3625: checking for strings.h
configure:3641: gcc -c -g -O2  conftest.c >&5
configure:3647: $? = 0
configure:3650: test -z 			 || test ! -s conftest.err
configure:3653: $? = 0
configure:3656: test -s conftest.o
configure:3659: $? = 0
configure:3670: result: yes
configure:3625: checking for inttypes.h
configure:3641: gcc -c -g -O2  conftest.c >&5
configure:3647: $? = 0
configure:3650: test -z 			 || test ! -s conftest.err
configure:3653: $? = 0
configure:3656: test -s conftest.o
configure:3659: $? = 0
configure:3670: result: yes
configure:3625: checking for stdint.h
configure:3641: gcc -c -g -O2  conftest.c >&5
configure:3647: $? = 0
configure:3650: test -z 			 || test ! -s conftest.err
configure:3653: $? = 0
configure:3656: test -s conftest.o
configure:3659: $? = 0
configure:3670: result: yes
configure:3625: checking for unistd.h
configure:3641: gcc -c -g -O2  conftest.c >&5
configure:3647: $? = 0
configure:3650: test -z 			 || test ! -s conftest.err
configure:3653: $? = 0
configure:3656: test -s conftest.o
configure:3659: $? = 0
configure:3670: result: yes
configure:3707: checking arpa/inet.h usability
configure:3719: gcc -c -g -O2  conftest.c >&5
configure:3725: $? = 0
configure:3728: test -z 			 || test ! -s conftest.err
configure:3731: $? = 0
configure:3734: test -s conftest.o
configure:3737: $? = 0
configure:3747: result: yes
configure:3751: checking arpa/inet.h presence
configure:3761: gcc -E  conftest.c
configure:3767: $? = 0
configure:3787: result: yes
configure:3822: checking for arpa/inet.h
configure:3829: result: yes
configure:3707: checking fcntl.h usability
configure:3719: gcc -c -g -O2  conftest.c >&5
configure:3725: $? = 0
configure:3728: test -z 			 || test ! -s conftest.err
configure:3731: $? = 0
configure:3734: test -s conftest.o
configure:3737: $? = 0
configure:3747: result: yes
configure:3751: checking fcntl.h presence
configure:3761: gcc -E  conftest.c
configure:3767: $? = 0
configure:3787: result: yes
configure:3822: checking for fcntl.h
configure:3829: result: yes
configure:3707: checking netinet/in.h usability
configure:3719: gcc -c -g -O2  conftest.c >&5
configure:3725: $? = 0
configure:3728: test -z 			 || test ! -s conftest.err
configure:3731: $? = 0
configure:3734: test -s conftest.o
configure:3737: $? = 0
configure:3747: result: yes
configure:3751: checking netinet/in.h presence
configure:3761: gcc -E  conftest.c
configure:3767: $? = 0
configure:3787: result: yes
configure:3822: checking for netinet/in.h
configure:3829: result: yes
configure:3707: checking stddef.h usability
configure:3719: gcc -c -g -O2  conftest.c >&5
configure:3725: $? = 0
configure:3728: test -z 			 || test ! -s conftest.err
configure:3731: $? = 0
configure:3734: test -s conftest.o
configure:3737: $? = 0
configure:3747: result: yes
configure:3751: checking stddef.h presence
configure:3761: gcc -E  conftest.c
configure:3767: $? = 0
configure:3787: result: yes
configure:3822: checking for stddef.h
configure:3829: result: yes
configure:3698: checking for stdlib.h
configure:3703: result: yes
configure:3698: checking for string.h
configure:3703: result: yes
configure:3707: checking sys/socket.h usability
configure:3719: gcc -c -g -O2  conftest.c >&5
configure:3725: $? = 0
configure:3728: test -z 			 || test ! -s conftest.err
configure:3731: $? = 0
configure:3734: test -s conftest.o
configure:3737: $? = 0
configure:3747: result: yes
configure:3751: checking sys/socket.h presence
configure:3761: gcc -E  conftest.c
configure:3767: $? = 0
configure:3787: result: yes
configure:3822: checking for sys/socket.h
configure:3829: result: yes
configure:3707: checking sys/statfs.h usability
configure:3719: gcc -c -g -O2  conftest.c >&5
configure:3725: $? = 0
configure:3728: test -z 			 || test ! -s conftest.err
configure:3731: $? = 0
configure:3734: test -s conftest.o
configure:3737: $? = 0
configure:3747: result: yes
configure:3751: checking sys/statfs.h presence
configure:3761: gcc -E  conftest.c
configure:3767: $? = 0
configure:3787: result: yes
configure:3822: checking for sys/statfs.h
configure:3829: result: yes
configure:3707: checking sys/vfs.h usability
configure:3719: gcc -c -g -O2  conftest.c >&5
configure:3725: $? = 0
configure:3728: test -z 			 || test ! -s conftest.err
configure:3731: $? = 0
configure:3734: test -s conftest.o
configure:3737: $? = 0
configure:3747: result: yes
configure:3751: checking sys/vfs.h presence
configure:3761: gcc -E  conftest.c
configure:3767: $? = 0
configure:3787: result: yes
configure:3822: checking for sys/vfs.h
configure:3829: result: yes
configure:3707: checking syslog.h usability
configure:3719: gcc -c -g -O2  conftest.c >&5
configure:3725: $? = 0
configure:3728: test -z 			 || test ! -s conftest.err
configure:3731: $? = 0
configure:3734: test -s conftest.o
configure:3737: $? = 0
configure:3747: result: yes
configure:3751: checking syslog.h presence
configure:3761: gcc -E  conftest.c
configure:3767: $? = 0
configure:3787: result: yes
configure:3822: checking for syslog.h
configure:3829: result: yes
configure:3698: checking for unistd.h
configure:3703: result: yes
configure:3707: checking utime.h usability
configure:3719: gcc -c -g -O2  conftest.c >&5
configure:3725: $? = 0
configure:3728: test -z 			 || test ! -s conftest.err
configure:3731: $? = 0
configure:3734: test -s conftest.o
configure:3737: $? = 0
configure:3747: result: yes
configure:3751: checking utime.h presence
configure:3761: gcc -E  conftest.c
configure:3767: $? = 0
configure:3787: result: yes
configure:3822: checking for utime.h
configure:3829: result: yes
configure:3844: checking for an ANSI C-conforming const
configure:3911: gcc -c -g -O2  conftest.c >&5
configure:3917: $? = 0
configure:3920: test -z 			 || test ! -s conftest.err
configure:3923: $? = 0
configure:3926: test -s conftest.o
configure:3929: $? = 0
configure:3940: result: yes
configure:3950: checking for uid_t in sys/types.h
configure:3973: result: yes
configure:3988: checking for mode_t
configure:4012: gcc -c -g -O2  conftest.c >&5
configure:4018: $? = 0
configure:4021: test -z 			 || test ! -s conftest.err
configure:4024: $? = 0
configure:4027: test -s conftest.o
configure:4030: $? = 0
configure:4041: result: yes
configure:4053: checking for off_t
configure:4077: gcc -c -g -O2  conftest.c >&5
configure:4083: $? = 0
configure:4086: test -z 			 || test ! -s conftest.err
configure:4089: $? = 0
configure:4092: test -s conftest.o
configure:4095: $? = 0
configure:4106: result: yes
configure:4118: checking for size_t
configure:4142: gcc -c -g -O2  conftest.c >&5
configure:4148: $? = 0
configure:4151: test -z 			 || test ! -s conftest.err
configure:4154: $? = 0
configure:4157: test -s conftest.o
configure:4160: $? = 0
configure:4171: result: yes
configure:4183: checking for struct stat.st_blksize
configure:4206: gcc -c -g -O2  conftest.c >&5
configure:4212: $? = 0
configure:4215: test -z 			 || test ! -s conftest.err
configure:4218: $? = 0
configure:4221: test -s conftest.o
configure:4224: $? = 0
configure:4280: result: yes
configure:4291: checking for struct stat.st_blocks
configure:4314: gcc -c -g -O2  conftest.c >&5
configure:4320: $? = 0
configure:4323: test -z 			 || test ! -s conftest.err
configure:4326: $? = 0
configure:4329: test -s conftest.o
configure:4332: $? = 0
configure:4388: result: yes
configure:4413: checking for struct stat.st_rdev
configure:4436: gcc -c -g -O2  conftest.c >&5
configure:4442: $? = 0
configure:4445: test -z 			 || test ! -s conftest.err
configure:4448: $? = 0
configure:4451: test -s conftest.o
configure:4454: $? = 0
configure:4510: result: yes
configure:4523: checking whether closedir returns void
configure:4552: gcc -o conftest -g -O2   conftest.c  >&5
configure:4555: $? = 0
configure:4557: ./conftest
configure:4560: $? = 0
configure:4574: result: no
configure:4584: checking whether lstat dereferences a symlink specified with a trailing slash
configure:4615: gcc -o conftest -g -O2   conftest.c  >&5
configure:4618: $? = 0
configure:4620: ./conftest
configure:4623: $? = 0
configure:4644: result: yes
configure:4665: checking whether lstat accepts an empty string
configure:4690: gcc -o conftest -g -O2   conftest.c  >&5
configure:4693: $? = 0
configure:4695: ./conftest
configure:4698: $? = 1
configure: program exited with status 1
configure: failed program was:
| /* confdefs.h.  */
| 
| #define PACKAGE_NAME "tagsistant"
| #define PACKAGE_TARNAME "tagsistant"
| #define PACKAGE_VERSION "0.0.20061220"
| #define PACKAGE_STRING "tagsistant 0.0.20061220"
| #define PACKAGE_BUGREPORT "tx0@strumentiresistenti.org"
| #define PACKAGE "tagsistant"
| #define VERSION "0.0.20061220"
| #define HAVE_DIRENT_H 1
| #define STDC_HEADERS 1
| #define HAVE_SYS_TYPES_H 1
| #define HAVE_SYS_STAT_H 1
| #define HAVE_STDLIB_H 1
| #define HAVE_STRING_H 1
| #define HAVE_MEMORY_H 1
| #define HAVE_STRINGS_H 1
| #define HAVE_INTTYPES_H 1
| #define HAVE_STDINT_H 1
| #define HAVE_UNISTD_H 1
| #define HAVE_ARPA_INET_H 1
| #define HAVE_FCNTL_H 1
| #define HAVE_NETINET_IN_H 1
| #define HAVE_STDDEF_H 1
| #define HAVE_STDLIB_H 1
| #define HAVE_STRING_H 1
| #define HAVE_SYS_SOCKET_H 1
| #define HAVE_SYS_STATFS_H 1
| #define HAVE_SYS_VFS_H 1
| #define HAVE_SYSLOG_H 1
| #define HAVE_UNISTD_H 1
| #define HAVE_UTIME_H 1
| #define HAVE_STRUCT_STAT_ST_BLKSIZE 1
| #define HAVE_STRUCT_STAT_ST_BLOCKS 1
| #define HAVE_ST_BLOCKS 1
| #define HAVE_STRUCT_STAT_ST_RDEV 1
| #define LSTAT_FOLLOWS_SLASHED_SYMLINK 1
| /* end confdefs.h.  */
| #include <stdio.h>
| #if HAVE_SYS_TYPES_H
| # include <sys/types.h>
| #endif
| #if HAVE_SYS_STAT_H
| # include <sys/stat.h>
| #endif
| #if STDC_HEADERS
| # include <stdlib.h>
| # include <stddef.h>
| #else
| # if HAVE_STDLIB_H
| #  include <stdlib.h>
| # endif
| #endif
| #if HAVE_STRING_H
| # if !STDC_HEADERS && HAVE_MEMORY_H
| #  include <memory.h>
| # endif
| # include <string.h>
| #endif
| #if HAVE_STRINGS_H
| # include <strings.h>
| #endif
| #if HAVE_INTTYPES_H
| # include <inttypes.h>
| #else
| # if HAVE_STDINT_H
| #  include <stdint.h>
| # endif
| #endif
| #if HAVE_UNISTD_H
| # include <unistd.h>
| #endif
| int
| main ()
| {
| struct stat sbuf;
|   exit (lstat ("", &sbuf) ? 1 : 0);
|   ;
|   return 0;
| }
configure:4712: result: no
configure:4730: checking whether lstat dereferences a symlink specified with a trailing slash
configure:4790: result: yes
configure:4816: checking for stdlib.h
configure:4821: result: yes
configure:4960: checking for GNU libc compatible malloc
configure:4989: gcc -o conftest -g -O2   conftest.c  >&5
configure:4992: $? = 0
configure:4994: ./conftest
configure:4997: $? = 0
configure:5011: result: yes
configure:5041: checking return type of signal handlers
configure:5072: gcc -c -g -O2  conftest.c >&5
configure:5078: $? = 0
configure:5081: test -z 			 || test ! -s conftest.err
configure:5084: $? = 0
configure:5087: test -s conftest.o
configure:5090: $? = 0
configure:5101: result: void
configure:5109: checking whether stat accepts an empty string
configure:5134: gcc -o conftest -g -O2   conftest.c  >&5
configure:5137: $? = 0
configure:5139: ./conftest
configure:5142: $? = 1
configure: program exited with status 1
configure: failed program was:
| /* confdefs.h.  */
| 
| #define PACKAGE_NAME "tagsistant"
| #define PACKAGE_TARNAME "tagsistant"
| #define PACKAGE_VERSION "0.0.20061220"
| #define PACKAGE_STRING "tagsistant 0.0.20061220"
| #define PACKAGE_BUGREPORT "tx0@strumentiresistenti.org"
| #define PACKAGE "tagsistant"
| #define VERSION "0.0.20061220"
| #define HAVE_DIRENT_H 1
| #define STDC_HEADERS 1
| #define HAVE_SYS_TYPES_H 1
| #define HAVE_SYS_STAT_H 1
| #define HAVE_STDLIB_H 1
| #define HAVE_STRING_H 1
| #define HAVE_MEMORY_H 1
| #define HAVE_STRINGS_H 1
| #define HAVE_INTTYPES_H 1
| #define HAVE_STDINT_H 1
| #define HAVE_UNISTD_H 1
| #define HAVE_ARPA_INET_H 1
| #define HAVE_FCNTL_H 1
| #define HAVE_NETINET_IN_H 1
| #define HAVE_STDDEF_H 1
| #define HAVE_STDLIB_H 1
| #define HAVE_STRING_H 1
| #define HAVE_SYS_SOCKET_H 1
| #define HAVE_SYS_STATFS_H 1
| #define HAVE_SYS_VFS_H 1
| #define HAVE_SYSLOG_H 1
| #define HAVE_UNISTD_H 1
| #define HAVE_UTIME_H 1
| #define HAVE_STRUCT_STAT_ST_BLKSIZE 1
| #define HAVE_STRUCT_STAT_ST_BLOCKS 1
| #define HAVE_ST_BLOCKS 1
| #define HAVE_STRUCT_STAT_ST_RDEV 1
| #define LSTAT_FOLLOWS_SLASHED_SYMLINK 1
| #define LSTAT_FOLLOWS_SLASHED_SYMLINK 1
| #define HAVE_STDLIB_H 1
| #define HAVE_MALLOC 1
| #define RETSIGTYPE void
| /* end confdefs.h.  */
| #include <stdio.h>
| #if HAVE_SYS_TYPES_H
| # include <sys/types.h>
| #endif
| #if HAVE_SYS_STAT_H
| # include <sys/stat.h>
| #endif
| #if STDC_HEADERS
| # include <stdlib.h>
| # include <stddef.h>
| #else
| # if HAVE_STDLIB_H
| #  include <stdlib.h>
| # endif
| #endif
| #if HAVE_STRING_H
| # if !STDC_HEADERS && HAVE_MEMORY_H
| #  include <memory.h>
| # endif
| # include <string.h>
| #endif
| #if HAVE_STRINGS_H
| # include <strings.h>
| #endif
| #if HAVE_INTTYPES_H
| # include <inttypes.h>
| #else
| # if HAVE_STDINT_H
| #  include <stdint.h>
| # endif
| #endif
| #if HAVE_UNISTD_H
| # include <unistd.h>
| #endif
| int
| main ()
| {
| struct stat sbuf;
|   exit (stat ("", &sbuf) ? 1 : 0);
|   ;
|   return 0;
| }
configure:5156: result: no
configure:5174: checking whether utime accepts a null argument
configure:5205: gcc -o conftest -g -O2   conftest.c  >&5
configure:5208: $? = 0
configure:5210: ./conftest
configure:5213: $? = 0
configure:5228: result: yes
configure:5253: checking for inet_ntoa
configure:5310: gcc -o conftest -g -O2   conftest.c  >&5
configure:5316: $? = 0
configure:5319: test -z 			 || test ! -s conftest.err
configure:5322: $? = 0
configure:5325: test -s conftest
configure:5328: $? = 0
configure:5340: result: yes
configure:5253: checking for lchown
configure:5310: gcc -o conftest -g -O2   conftest.c  >&5
configure:5316: $? = 0
configure:5319: test -z 			 || test ! -s conftest.err
configure:5322: $? = 0
configure:5325: test -s conftest
configure:5328: $? = 0
configure:5340: result: yes
configure:5253: checking for mempcpy
configure:5310: gcc -o conftest -g -O2   conftest.c  >&5
conftest.c:70: warning: conflicting types for built-in function 'mempcpy'
configure:5316: $? = 0
configure:5319: test -z 			 || test ! -s conftest.err
configure:5322: $? = 0
configure:5325: test -s conftest
configure:5328: $? = 0
configure:5340: result: yes
configure:5253: checking for memset
configure:5310: gcc -o conftest -g -O2   conftest.c  >&5
conftest.c:71: warning: conflicting types for built-in function 'memset'
configure:5316: $? = 0
configure:5319: test -z 			 || test ! -s conftest.err
configure:5322: $? = 0
configure:5325: test -s conftest
configure:5328: $? = 0
configure:5340: result: yes
configure:5253: checking for mkdir
configure:5310: gcc -o conftest -g -O2   conftest.c  >&5
configure:5316: $? = 0
configure:5319: test -z 			 || test ! -s conftest.err
configure:5322: $? = 0
configure:5325: test -s conftest
configure:5328: $? = 0
configure:5340: result: yes
configure:5253: checking for rmdir
configure:5310: gcc -o conftest -g -O2   conftest.c  >&5
configure:5316: $? = 0
configure:5319: test -z 			 || test ! -s conftest.err
configure:5322: $? = 0
configure:5325: test -s conftest
configure:5328: $? = 0
configure:5340: result: yes
configure:5253: checking for setenv
configure:5310: gcc -o conftest -g -O2   conftest.c  >&5
configure:5316: $? = 0
configure:5319: test -z 			 || test ! -s conftest.err
configure:5322: $? = 0
configure:5325: test -s conftest
configure:5328: $? = 0
configure:5340: result: yes
configure:5253: checking for socket
configure:5310: gcc -o conftest -g -O2   conftest.c  >&5
configure:5316: $? = 0
configure:5319: test -z 			 || test ! -s conftest.err
configure:5322: $? = 0
configure:5325: test -s conftest
configure:5328: $? = 0
configure:5340: result: yes
configure:5253: checking for strdup
configure:5310: gcc -o conftest -g -O2   conftest.c  >&5
conftest.c:76: warning: conflicting types for built-in function 'strdup'
configure:5316: $? = 0
configure:5319: test -z 			 || test ! -s conftest.err
configure:5322: $? = 0
configure:5325: test -s conftest
configure:5328: $? = 0
configure:5340: result: yes
configure:5253: checking for strerror
configure:5310: gcc -o conftest -g -O2   conftest.c  >&5
configure:5316: $? = 0
configure:5319: test -z 			 || test ! -s conftest.err
configure:5322: $? = 0
configure:5325: test -s conftest
configure:5328: $? = 0
configure:5340: result: yes
configure:5253: checking for utime
configure:5310: gcc -o conftest -g -O2   conftest.c  >&5
configure:5316: $? = 0
configure:5319: test -z 			 || test ! -s conftest.err
configure:5322: $? = 0
configure:5325: test -s conftest
configure:5328: $? = 0
configure:5340: result: yes
configure:5411: checking for fuse_main in -lfuse
configure:5441: gcc -o conftest -D_DEBUG_STDERR -g -O2 -D_FILE_OFFSET_BITS=64 -Wall -W   conftest.c -lfuse   >&5
configure:5447: $? = 0
configure:5450: test -z 			 || test ! -s conftest.err
configure:5453: $? = 0
configure:5456: test -s conftest
configure:5459: $? = 0
configure:5472: result: yes
configure:5495: checking for sqlite3_open in -lsqlite3
configure:5525: gcc -o conftest -D_DEBUG_STDERR -g -O2 -D_FILE_OFFSET_BITS=64 -Wall -W   conftest.c -lsqlite3  -lfuse  >&5
configure:5531: $? = 0
configure:5534: test -z 			 || test ! -s conftest.err
configure:5537: $? = 0
configure:5540: test -s conftest
configure:5543: $? = 0
configure:5556: result: yes
configure:5688: creating ./config.status

## ---------------------- ##
## Running config.status. ##
## ---------------------- ##

This file was extended by tagsistant config.status 0.0.20061220, which was
generated by GNU Autoconf 2.59.  Invocation command line was

  CONFIG_FILES    = 
  CONFIG_HEADERS  = 
  CONFIG_LINKS    = 
  CONFIG_COMMANDS = 
  $ ./config.status 

on reti1

config.status:729: creating Makefile
config.status:729: creating src/Makefile
config.status:795: creating config.h
config.status:989: config.h is unchanged
config.status:1169: executing depfiles commands

## ---------------- ##
## Cache variables. ##
## ---------------- ##

ac_cv_c_compiler_gnu=yes
ac_cv_c_const=yes
ac_cv_env_CC_set=
ac_cv_env_CC_value=
ac_cv_env_CFLAGS_set=
ac_cv_env_CFLAGS_value=
ac_cv_env_CPPFLAGS_set=
ac_cv_env_CPPFLAGS_value=
ac_cv_env_CPP_set=
ac_cv_env_CPP_value=
ac_cv_env_LDFLAGS_set=
ac_cv_env_LDFLAGS_value=
ac_cv_env_build_alias_set=
ac_cv_env_build_alias_value=
ac_cv_env_host_alias_set=
ac_cv_env_host_alias_value=
ac_cv_env_target_alias_set=
ac_cv_env_target_alias_value=
ac_cv_exeext=
ac_cv_func_closedir_void=no
ac_cv_func_inet_ntoa=yes
ac_cv_func_lchown=yes
ac_cv_func_lstat_dereferences_slashed_symlink=yes
ac_cv_func_lstat_empty_string_bug=no
ac_cv_func_malloc_0_nonnull=yes
ac_cv_func_mempcpy=yes
ac_cv_func_memset=yes
ac_cv_func_mkdir=yes
ac_cv_func_rmdir=yes
ac_cv_func_setenv=yes
ac_cv_func_socket=yes
ac_cv_func_stat_empty_string_bug=no
ac_cv_func_strdup=yes
ac_cv_func_strerror=yes
ac_cv_func_utime=yes
ac_cv_func_utime_null=yes
ac_cv_header_arpa_inet_h=yes
ac_cv_header_dirent_dirent_h=yes
ac_cv_header_fcntl_h=yes
ac_cv_header_inttypes_h=yes
ac_cv_header_memory_h=yes
ac_cv_header_netinet_in_h=yes
ac_cv_header_stdc=yes
ac_cv_header_stddef_h=yes
ac_cv_header_stdint_h=yes
ac_cv_header_stdlib_h=yes
ac_cv_header_string_h=yes
ac_cv_header_strings_h=yes
ac_cv_header_sys_socket_h=yes
ac_cv_header_sys_stat_h=yes
ac_cv_header_sys_statfs_h=yes
ac_cv_header_sys_types_h=yes
ac_cv_header_sys_vfs_h=yes
ac_cv_header_syslog_h=yes
ac_cv_header_unistd_h=yes
ac_cv_header_utime_h=yes
ac_cv_lib_fuse_fuse_main=yes
ac_cv_lib_sqlite3_sqlite3_open=yes
ac_cv_member_struct_stat_st_blksize=yes
ac_cv_member_struct_stat_st_blocks=yes
ac_cv_member_struct_stat_st_rdev=yes
ac_cv_objext=o
ac_cv_path_install='/usr/bin/install -c'
ac_cv_prog_AWK=gawk
ac_cv_prog_CPP='gcc -E'
ac_cv_prog_ac_ct_CC=gcc
ac_cv_prog_cc_g=yes
ac_cv_prog_cc_stdc=
ac_cv_prog_egrep='grep -E'
ac_cv_prog_make_make_set=yes
ac_cv_search_opendir='none required'
ac_cv_type_mode_t=yes
ac_cv_type_off_t=yes
ac_cv_type_signal=void
ac_cv_type_size_t=yes
ac_cv_type_uid_t=yes
am_cv_CC_dependencies_compiler_type=gcc3

## ----------------- ##
## Output variables. ##
## ----------------- ##

ACLOCAL='${SHELL} /home/andrea/tagfs/missing --run aclocal-1.9'
AMDEPBACKSLASH='\'
AMDEP_FALSE='#'
AMDEP_TRUE=''
AMTAR='${SHELL} /home/andrea/tagfs/missing --run tar'
AUTOCONF='${SHELL} /home/andrea/tagfs/missing --run autoconf'
AUTOHEADER='${SHELL} /home/andrea/tagfs/missing --run autoheader'
AUTOMAKE='${SHELL} /home/andrea/tagfs/missing --run automake-1.9'
AWK='gawk'
CC='gcc'
CCDEPMODE='depmode=gcc3'
CFLAGS='-D_DEBUG_STDERR -g -O2 -D_FILE_OFFSET_BITS=64 -Wall -W'
CPP='gcc -E'
CPPFLAGS=''
CYGPATH_W='echo'
DEFS='-DHAVE_CONFIG_H'
DEPDIR='.deps'
ECHO_C=''
ECHO_N='-n'
ECHO_T=''
EGREP='grep -E'
EXEEXT=''
INSTALL_DATA='${INSTALL} -m 644'
INSTALL_PROGRAM='${INSTALL}'
INSTALL_SCRIPT='${INSTALL}'
INSTALL_STRIP_PROGRAM='${SHELL} $(install_sh) -c -s'
LDFLAGS=''
LIBOBJS=''
LIBS='-lsqlite3 -lfuse '
LTLIBOBJS=''
MAKEINFO='${SHELL} /home/andrea/tagfs/missing --run makeinfo'
OBJEXT='o'
PACKAGE='tagsistant'
PACKAGE_BUGREPORT='tx0@strumentiresistenti.org'
PACKAGE_NAME='tagsistant'
PACKAGE_STRING='tagsistant 0.0.20061220'
PACKAGE_TARNAME='tagsistant'
PACKAGE_VERSION='0.0.20061220'
PATH_SEPARATOR=':'
SET_MAKE=''
SHELL='/bin/sh'
STRIP=''
VERSION='0.0.20061220'
ac_ct_CC='gcc'
ac_ct_STRIP=''
am__fastdepCC_FALSE='#'
am__fastdepCC_TRUE=''
am__include='include'
am__leading_dot='.'
am__quote=''
am__tar='${AMTAR} chof - "$$tardir"'
am__untar='${AMTAR} xf -'
bindir='${exec_prefix}/bin'
build_alias=''
datadir='${prefix}/share'
exec_prefix='${prefix}'
host_alias=''
includedir='${prefix}/include'
infodir='${prefix}/info'
install_sh='/home/andrea/tagfs/install-sh'
libdir='${exec_prefix}/lib'
libexecdir='${exec_prefix}/libexec'
localstatedir='${prefix}/var'
mandir='${prefix}/man'
mkdir_p='mkdir -p --'
oldincludedir='/usr/include'
prefix='/usr/local'
program_transform_name='s,x,x,'
sbindir='${exec_prefix}/sbin'
sharedstatedir='${prefix}/com'
sysconfdir='${prefix}/etc'
target_alias=''

## ----------- ##
## confdefs.h. ##
## ----------- ##

#define HAVE_ARPA_INET_H 1
#define HAVE_DIRENT_H 1
#define HAVE_FCNTL_H 1
#define HAVE_INET_NTOA 1
#define HAVE_INTTYPES_H 1
#define HAVE_LCHOWN 1
#define HAVE_LIBFUSE 1
#define HAVE_LIBSQLITE3 1
#define HAVE_MALLOC 1
#define HAVE_MEMORY_H 1
#define HAVE_MEMPCPY 1
#define HAVE_MEMSET 1
#define HAVE_MKDIR 1
#define HAVE_NETINET_IN_H 1
#define HAVE_RMDIR 1
#define HAVE_SETENV 1
#define HAVE_SOCKET 1
#define HAVE_STDDEF_H 1
#define HAVE_STDINT_H 1
#define HAVE_STDLIB_H 1
#define HAVE_STDLIB_H 1
#define HAVE_STDLIB_H 1
#define HAVE_STRDUP 1
#define HAVE_STRERROR 1
#define HAVE_STRINGS_H 1
#define HAVE_STRING_H 1
#define HAVE_STRING_H 1
#define HAVE_STRUCT_STAT_ST_BLKSIZE 1
#define HAVE_STRUCT_STAT_ST_BLOCKS 1
#define HAVE_STRUCT_STAT_ST_RDEV 1
#define HAVE_ST_BLOCKS 1
#define HAVE_SYSLOG_H 1
#define HAVE_SYS_SOCKET_H 1
#define HAVE_SYS_STATFS_H 1
#define HAVE_SYS_STAT_H 1
#define HAVE_SYS_TYPES_H 1
#define HAVE_SYS_VFS_H 1
#define HAVE_UNISTD_H 1
#define HAVE_UNISTD_H 1
#define HAVE_UTIME 1
#define HAVE_UTIME_H 1
#define HAVE_UTIME_NULL 1
#define LSTAT_FOLLOWS_SLASHED_SYMLINK 1
#define LSTAT_FOLLOWS_SLASHED_SYMLINK 1
#define PACKAGE "tagsistant"
#define PACKAGE_BUGREPORT "tx0@strumentiresistenti.org"
#define PACKAGE_NAME "tagsistant"
#define PACKAGE_STRING "tagsistant 0.0.20061220"
#define PACKAGE_TARNAME "tagsistant"
#define PACKAGE_VERSION "0.0.20061220"
#define RETSIGTYPE void
#define STDC_HEADERS 1
#define VERSION "0.0.20061220"

configure: exit 0

## ---------------------- ##
## Running config.status. ##
## ---------------------- ##

This file was extended by tagsistant config.status 0.0.20061220, which was
generated by GNU Autoconf 2.59.  Invocation command line was

  CONFIG_FILES    = 
  CONFIG_HEADERS  = 
  CONFIG_LINKS    = 
  CONFIG_COMMANDS = 
  $ ./config.status src/Makefile depfiles

on reti1

config.status:729: creating src/Makefile
config.status:1169: executing depfiles commands
